<?xml version="1.0" encoding="UTF-8"?>
<!-- Generated by org.testng.reporters.JUnitReportReporter -->
<testsuite hostname="DESKTOP-BJF89S9" failures="0" tests="2" name="rahulshettyacademy.RESTAPITest" time="0.001" errors="0" timestamp="27 Sep 2020 22:14:33 GMT" skipped="0">
  <testcase classname="rahulshettyacademy.RESTAPITest" name="deletefacebook" time="0.000"/>
  <testcase classname="rahulshettyacademy.RESTAPITest" name="postjira" time="0.001"/>
</testsuite> <!-- rahulshettyacademy.RESTAPITest -->
