<?xml version="1.0" encoding="UTF-8"?>
<!-- Generated by org.testng.reporters.JUnitReportReporter -->
<testsuite hostname="DESKTOP-BJF89S9" failures="0" tests="2" name="rahulshettyacademy.AppiumTest" time="0.001" errors="0" timestamp="27 Sep 2020 22:14:33 GMT" skipped="0">
  <testcase classname="rahulshettyacademy.AppiumTest" name="IOSapp" time="0.001"/>
  <testcase classname="rahulshettyacademy.AppiumTest" name="android" time="0.000"/>
</testsuite> <!-- rahulshettyacademy.AppiumTest -->
