<?xml version="1.0" encoding="UTF-8"?>
<!-- Generated by org.testng.reporters.JUnitReportReporter -->
<testsuite hostname="DESKTOP-BJF89S9" failures="0" tests="2" name="rahulshettyacademy.SeleniumTest" time="0.010" errors="0" timestamp="27 Sep 2020 22:14:33 GMT" skipped="0">
  <testcase classname="rahulshettyacademy.SeleniumTest" name="day2" time="0.001"/>
  <testcase classname="rahulshettyacademy.SeleniumTest" name="day1" time="0.009"/>
</testsuite> <!-- rahulshettyacademy.SeleniumTest -->
